<?xml version="1.0" encoding="UTF-8"?>
<!-- Generated by org.testng.reporters.JUnitReportReporter -->
<testsuite hostname="DESKTOP-2K2CNKK" failures="0" tests="1" name="nikhitasarole1.ExtentReport.ExtentReporttest" time="8.674" errors="0" timestamp="2023-03-14T15:14:44 IST" skipped="0">
  <testcase classname="nikhitasarole1.ExtentReport.ExtentReporttest" name="initialDemo" time="8.674"/>
  <system-out/>
</testsuite> <!-- nikhitasarole1.ExtentReport.ExtentReporttest -->
